I, [2015-08-18T19:33:50.437790 #1526]  INFO -- : Started GET "/" for 76.181.139.79 at 2015-08-18 19:33:50 -0400
I, [2015-08-18T19:33:50.475126 #1526]  INFO -- : Processing by HomeController#index as HTML
I, [2015-08-18T19:33:50.491377 #1526]  INFO -- :   Rendered home/index.html.erb within layouts/application (1.9ms)
I, [2015-08-18T19:33:50.493684 #1526]  INFO -- : Completed 200 OK in 18ms (Views: 8.1ms | ActiveRecord: 0.0ms)
I, [2015-08-18T19:33:50.633661 #1529]  INFO -- : Started GET "/stylesheets/application.css" for 76.181.139.79 at 2015-08-18 19:33:50 -0400
F, [2015-08-18T19:33:50.664657 #1529] FATAL -- : 
ActionController::RoutingError (No route matches [GET] "/stylesheets/application.css"):
  actionpack (4.2.1) lib/action_dispatch/middleware/debug_exceptions.rb:21:in `call'
  actionpack (4.2.1) lib/action_dispatch/middleware/show_exceptions.rb:30:in `call'
  railties (4.2.1) lib/rails/rack/logger.rb:38:in `call_app'
  railties (4.2.1) lib/rails/rack/logger.rb:20:in `block in call'
  activesupport (4.2.1) lib/active_support/tagged_logging.rb:68:in `block in tagged'
  activesupport (4.2.1) lib/active_support/tagged_logging.rb:26:in `tagged'
  activesupport (4.2.1) lib/active_support/tagged_logging.rb:68:in `tagged'
  railties (4.2.1) lib/rails/rack/logger.rb:20:in `call'
  actionpack (4.2.1) lib/action_dispatch/middleware/request_id.rb:21:in `call'
  rack (1.6.1) lib/rack/methodoverride.rb:22:in `call'
  rack (1.6.1) lib/rack/runtime.rb:18:in `call'
  activesupport (4.2.1) lib/active_support/cache/strategy/local_cache_middleware.rb:28:in `call'
  rack (1.6.1) lib/rack/sendfile.rb:113:in `call'
  railties (4.2.1) lib/rails/engine.rb:518:in `call'
  railties (4.2.1) lib/rails/application.rb:164:in `call'
  unicorn (4.9.0) lib/unicorn/http_server.rb:580:in `process_client'
  unicorn (4.9.0) lib/unicorn/http_server.rb:674:in `worker_loop'
  unicorn (4.9.0) lib/unicorn/http_server.rb:529:in `spawn_missing_workers'
  unicorn (4.9.0) lib/unicorn/http_server.rb:140:in `start'
  unicorn (4.9.0) bin/unicorn:126:in `<top (required)>'
  /usr/local/rvm/gems/ruby-2.2.1/bin/unicorn:23:in `load'
  /usr/local/rvm/gems/ruby-2.2.1/bin/unicorn:23:in `<main>'
  /usr/local/rvm/gems/ruby-2.2.1@global/bin/ruby_executable_hooks:15:in `eval'
  /usr/local/rvm/gems/ruby-2.2.1@global/bin/ruby_executable_hooks:15:in `<main>'


I, [2015-08-18T19:33:50.679825 #1526]  INFO -- : Started GET "/javascripts/application.js" for 76.181.139.79 at 2015-08-18 19:33:50 -0400
F, [2015-08-18T19:33:50.681588 #1526] FATAL -- : 
ActionController::RoutingError (No route matches [GET] "/javascripts/application.js"):
  actionpack (4.2.1) lib/action_dispatch/middleware/debug_exceptions.rb:21:in `call'
  actionpack (4.2.1) lib/action_dispatch/middleware/show_exceptions.rb:30:in `call'
  railties (4.2.1) lib/rails/rack/logger.rb:38:in `call_app'
  railties (4.2.1) lib/rails/rack/logger.rb:20:in `block in call'
  activesupport (4.2.1) lib/active_support/tagged_logging.rb:68:in `block in tagged'
  activesupport (4.2.1) lib/active_support/tagged_logging.rb:26:in `tagged'
  activesupport (4.2.1) lib/active_support/tagged_logging.rb:68:in `tagged'
  railties (4.2.1) lib/rails/rack/logger.rb:20:in `call'
  actionpack (4.2.1) lib/action_dispatch/middleware/request_id.rb:21:in `call'
  rack (1.6.1) lib/rack/methodoverride.rb:22:in `call'
  rack (1.6.1) lib/rack/runtime.rb:18:in `call'
  activesupport (4.2.1) lib/active_support/cache/strategy/local_cache_middleware.rb:28:in `call'
  rack (1.6.1) lib/rack/sendfile.rb:113:in `call'
  railties (4.2.1) lib/rails/engine.rb:518:in `call'
  railties (4.2.1) lib/rails/application.rb:164:in `call'
  unicorn (4.9.0) lib/unicorn/http_server.rb:580:in `process_client'
  unicorn (4.9.0) lib/unicorn/http_server.rb:674:in `worker_loop'
  unicorn (4.9.0) lib/unicorn/http_server.rb:529:in `spawn_missing_workers'
  unicorn (4.9.0) lib/unicorn/http_server.rb:140:in `start'
  unicorn (4.9.0) bin/unicorn:126:in `<top (required)>'
  /usr/local/rvm/gems/ruby-2.2.1/bin/unicorn:23:in `load'
  /usr/local/rvm/gems/ruby-2.2.1/bin/unicorn:23:in `<main>'
  /usr/local/rvm/gems/ruby-2.2.1@global/bin/ruby_executable_hooks:15:in `eval'
  /usr/local/rvm/gems/ruby-2.2.1@global/bin/ruby_executable_hooks:15:in `<main>'


I, [2015-08-18T20:00:31.380818 #9601]  INFO -- : Started GET "/" for 76.181.139.79 at 2015-08-18 20:00:31 -0400
I, [2015-08-18T20:00:31.439901 #9601]  INFO -- : Processing by HomeController#index as HTML
I, [2015-08-18T20:00:31.454735 #9601]  INFO -- :   Rendered home/index.html.erb within layouts/application (1.6ms)
I, [2015-08-18T20:00:31.457047 #9601]  INFO -- : Completed 200 OK in 17ms (Views: 7.6ms | ActiveRecord: 0.0ms)
I, [2015-08-18T20:00:31.549318 #9603]  INFO -- : Started GET "/stylesheets/application.css" for 76.181.139.79 at 2015-08-18 20:00:31 -0400
I, [2015-08-18T20:00:31.580082 #9601]  INFO -- : Started GET "/javascripts/application.js" for 76.181.139.79 at 2015-08-18 20:00:31 -0400
F, [2015-08-18T20:00:31.582011 #9601] FATAL -- : 
ActionController::RoutingError (No route matches [GET] "/javascripts/application.js"):
  actionpack (4.2.1) lib/action_dispatch/middleware/debug_exceptions.rb:21:in `call'
  actionpack (4.2.1) lib/action_dispatch/middleware/show_exceptions.rb:30:in `call'
  railties (4.2.1) lib/rails/rack/logger.rb:38:in `call_app'
  railties (4.2.1) lib/rails/rack/logger.rb:20:in `block in call'
  activesupport (4.2.1) lib/active_support/tagged_logging.rb:68:in `block in tagged'
  activesupport (4.2.1) lib/active_support/tagged_logging.rb:26:in `tagged'
  activesupport (4.2.1) lib/active_support/tagged_logging.rb:68:in `tagged'
  railties (4.2.1) lib/rails/rack/logger.rb:20:in `call'
  actionpack (4.2.1) lib/action_dispatch/middleware/request_id.rb:21:in `call'
  rack (1.6.1) lib/rack/methodoverride.rb:22:in `call'
  rack (1.6.1) lib/rack/runtime.rb:18:in `call'
  activesupport (4.2.1) lib/active_support/cache/strategy/local_cache_middleware.rb:28:in `call'
  rack (1.6.1) lib/rack/sendfile.rb:113:in `call'
  railties (4.2.1) lib/rails/engine.rb:518:in `call'
  railties (4.2.1) lib/rails/application.rb:164:in `call'
  unicorn (4.9.0) lib/unicorn/http_server.rb:580:in `process_client'
  unicorn (4.9.0) lib/unicorn/http_server.rb:674:in `worker_loop'
  unicorn (4.9.0) lib/unicorn/http_server.rb:529:in `spawn_missing_workers'
  unicorn (4.9.0) lib/unicorn/http_server.rb:140:in `start'
  unicorn (4.9.0) bin/unicorn:126:in `<top (required)>'
  /usr/local/rvm/gems/ruby-2.2.1/bin/unicorn:23:in `load'
  /usr/local/rvm/gems/ruby-2.2.1/bin/unicorn:23:in `<main>'
  /usr/local/rvm/gems/ruby-2.2.1@global/bin/ruby_executable_hooks:15:in `eval'
  /usr/local/rvm/gems/ruby-2.2.1@global/bin/ruby_executable_hooks:15:in `<main>'


F, [2015-08-18T20:00:31.593153 #9603] FATAL -- : 
ActionController::RoutingError (No route matches [GET] "/stylesheets/application.css"):
  actionpack (4.2.1) lib/action_dispatch/middleware/debug_exceptions.rb:21:in `call'
  actionpack (4.2.1) lib/action_dispatch/middleware/show_exceptions.rb:30:in `call'
  railties (4.2.1) lib/rails/rack/logger.rb:38:in `call_app'
  railties (4.2.1) lib/rails/rack/logger.rb:20:in `block in call'
  activesupport (4.2.1) lib/active_support/tagged_logging.rb:68:in `block in tagged'
  activesupport (4.2.1) lib/active_support/tagged_logging.rb:26:in `tagged'
  activesupport (4.2.1) lib/active_support/tagged_logging.rb:68:in `tagged'
  railties (4.2.1) lib/rails/rack/logger.rb:20:in `call'
  actionpack (4.2.1) lib/action_dispatch/middleware/request_id.rb:21:in `call'
  rack (1.6.1) lib/rack/methodoverride.rb:22:in `call'
  rack (1.6.1) lib/rack/runtime.rb:18:in `call'
  activesupport (4.2.1) lib/active_support/cache/strategy/local_cache_middleware.rb:28:in `call'
  rack (1.6.1) lib/rack/sendfile.rb:113:in `call'
  railties (4.2.1) lib/rails/engine.rb:518:in `call'
  railties (4.2.1) lib/rails/application.rb:164:in `call'
  unicorn (4.9.0) lib/unicorn/http_server.rb:580:in `process_client'
  unicorn (4.9.0) lib/unicorn/http_server.rb:674:in `worker_loop'
  unicorn (4.9.0) lib/unicorn/http_server.rb:529:in `spawn_missing_workers'
  unicorn (4.9.0) lib/unicorn/http_server.rb:140:in `start'
  unicorn (4.9.0) bin/unicorn:126:in `<top (required)>'
  /usr/local/rvm/gems/ruby-2.2.1/bin/unicorn:23:in `load'
  /usr/local/rvm/gems/ruby-2.2.1/bin/unicorn:23:in `<main>'
  /usr/local/rvm/gems/ruby-2.2.1@global/bin/ruby_executable_hooks:15:in `eval'
  /usr/local/rvm/gems/ruby-2.2.1@global/bin/ruby_executable_hooks:15:in `<main>'


